INFO:  latexindent version 3.24.4, 2024-07-18, a script to indent .tex files
       latexindent lives here: /usr/local/texlive/2025/texmf-dist/scripts/latexindent/
       Mon Feb 23 17:55:39 2026
       Filename: /Users/niclas/Documents/studium/dezibot-swarm-logging/vortrag/main.tex
INFO:  Processing switches:
       -s|--silent: Silent mode active (you have used either -s or --silent)
       -w|--overwrite: Overwrite mode active, will make a back up before overwriting
INFO:  Directory for backup files and log file indent.log:
       /Users/niclas/Documents/studium/dezibot-swarm-logging/vortrag
INFO:  YAML settings read: defaultSettings.yaml
       Reading defaultSettings.yaml from /usr/local/texlive/2025/texmf-dist/scripts/latexindent/defaultSettings.yaml
INFO:  YAML reading settings
       Home directory is /Users/niclas
       latexindent.pl didn't find indentconfig.yaml or .indentconfig.yaml
       see all possible locations: https://latexindentpl.readthedocs.io/en/latest/sec-appendices.html#indentconfig-options)
INFO:  Backup procedure (-w flag active):
       /Users/niclas/Documents/studium/dezibot-swarm-logging/vortrag/main.bak0 already exists, incrementing by 1 (see maxNumberOfBackUps)
       /Users/niclas/Documents/studium/dezibot-swarm-logging/vortrag/main.bak1 already exists, incrementing by 1 (see maxNumberOfBackUps)
       /Users/niclas/Documents/studium/dezibot-swarm-logging/vortrag/main.bak2 already exists, incrementing by 1 (see maxNumberOfBackUps)
       /Users/niclas/Documents/studium/dezibot-swarm-logging/vortrag/main.bak3 already exists, incrementing by 1 (see maxNumberOfBackUps)
       /Users/niclas/Documents/studium/dezibot-swarm-logging/vortrag/main.bak4 already exists, incrementing by 1 (see maxNumberOfBackUps)
       /Users/niclas/Documents/studium/dezibot-swarm-logging/vortrag/main.bak5 already exists, incrementing by 1 (see maxNumberOfBackUps)
       /Users/niclas/Documents/studium/dezibot-swarm-logging/vortrag/main.bak6 already exists, incrementing by 1 (see maxNumberOfBackUps)
       /Users/niclas/Documents/studium/dezibot-swarm-logging/vortrag/main.bak7 already exists, incrementing by 1 (see maxNumberOfBackUps)
       /Users/niclas/Documents/studium/dezibot-swarm-logging/vortrag/main.bak8 already exists, incrementing by 1 (see maxNumberOfBackUps)
       Backing up /Users/niclas/Documents/studium/dezibot-swarm-logging/vortrag/main.tex to /Users/niclas/Documents/studium/dezibot-swarm-logging/vortrag/main.bak9...
       /Users/niclas/Documents/studium/dezibot-swarm-logging/vortrag/main.tex will be overwritten after indentation
INFO:  Phase 1: searching for objects
INFO:  Phase 2: finding surrounding indentation
INFO:  Phase 3: indenting objects
INFO:  Phase 4: final indentation check
INFO:  Output routine:
       Overwriting file /Users/niclas/Documents/studium/dezibot-swarm-logging/vortrag/main.tex
       --------------
INFO:  Please direct all communication/issues to:
        https://github.com/cmhughes/latexindent.pl
